This file contains any messages produced by compilers while
running configure, to aid debugging if configure makes a mistake.

It was created by palindrom configure 0.1.0, which was
generated by GNU Autoconf 2.69.  Invocation command line was

  $ ./configure 

## --------- ##
## Platform. ##
## --------- ##

hostname = jinshou
uname -m = x86_64
uname -r = 4.4.0-47-generic
uname -s = Linux
uname -v = #68-Ubuntu SMP Wed Oct 26 19:39:52 UTC 2016

/usr/bin/uname -p = unknown
/bin/uname -X     = unknown

/bin/arch              = unknown
/usr/bin/arch -k       = unknown
/usr/convex/getsysinfo = unknown
/usr/bin/hostinfo      = unknown
/bin/machine           = unknown
/usr/bin/oslevel       = unknown
/bin/universe          = unknown

PATH: /home/kzhou/bin
PATH: /home/kzhou/.local/bin
PATH: /usr/local/sbin
PATH: /usr/local/bin
PATH: /usr/sbin
PATH: /usr/bin
PATH: /sbin
PATH: /bin
PATH: /usr/games
PATH: /usr/local/games
PATH: /snap/bin


## ----------- ##
## Core tests. ##
## ----------- ##

configure:2244: checking for a BSD-compatible install
configure:2312: result: /usr/bin/install -c
configure:2323: checking whether build environment is sane
configure:2378: result: yes
configure:2529: checking for a thread-safe mkdir -p
configure:2568: result: /bin/mkdir -p
configure:2575: checking for gawk
configure:2605: result: no
configure:2575: checking for mawk
configure:2591: found /usr/bin/mawk
configure:2602: result: mawk
configure:2613: checking whether make sets $(MAKE)
configure:2635: result: yes
configure:2664: checking whether make supports nested variables
configure:2681: result: yes
configure:2861: checking for gcc
configure:2877: found /usr/bin/gcc
configure:2888: result: gcc
configure:3117: checking for C compiler version
configure:3126: gcc --version >&5
gcc (Ubuntu 5.4.0-6ubuntu1~16.04.4) 5.4.0 20160609
Copyright (C) 2015 Free Software Foundation, Inc.
This is free software; see the source for copying conditions.  There is NO
warranty; not even for MERCHANTABILITY or FITNESS FOR A PARTICULAR PURPOSE.

configure:3137: $? = 0
configure:3126: gcc -v >&5
Using built-in specs.
COLLECT_GCC=gcc
COLLECT_LTO_WRAPPER=/usr/lib/gcc/x86_64-linux-gnu/5/lto-wrapper
Target: x86_64-linux-gnu
Configured with: ../src/configure -v --with-pkgversion='Ubuntu 5.4.0-6ubuntu1~16.04.4' --with-bugurl=file:///usr/share/doc/gcc-5/README.Bugs --enable-languages=c,ada,c++,java,go,d,fortran,objc,obj-c++ --prefix=/usr --program-suffix=-5 --enable-shared --enable-linker-build-id --libexecdir=/usr/lib --without-included-gettext --enable-threads=posix --libdir=/usr/lib --enable-nls --with-sysroot=/ --enable-clocale=gnu --enable-libstdcxx-debug --enable-libstdcxx-time=yes --with-default-libstdcxx-abi=new --enable-gnu-unique-object --disable-vtable-verify --enable-libmpx --enable-plugin --with-system-zlib --disable-browser-plugin --enable-java-awt=gtk --enable-gtk-cairo --with-java-home=/usr/lib/jvm/java-1.5.0-gcj-5-amd64/jre --enable-java-home --with-jvm-root-dir=/usr/lib/jvm/java-1.5.0-gcj-5-amd64 --with-jvm-jar-dir=/usr/lib/jvm-exports/java-1.5.0-gcj-5-amd64 --with-arch-directory=amd64 --with-ecj-jar=/usr/share/java/eclipse-ecj.jar --enable-objc-gc --enable-multiarch --disable-werror --with-arch-32=i686 --with-abi=m64 --with-multilib-list=m32,m64,mx32 --enable-multilib --with-tune=generic --enable-checking=release --build=x86_64-linux-gnu --host=x86_64-linux-gnu --target=x86_64-linux-gnu
Thread model: posix
gcc version 5.4.0 20160609 (Ubuntu 5.4.0-6ubuntu1~16.04.4) 
configure:3137: $? = 0
configure:3126: gcc -V >&5
gcc: error: unrecognized command line option '-V'
gcc: fatal error: no input files
compilation terminated.
configure:3137: $? = 1
configure:3126: gcc -qversion >&5
gcc: error: unrecognized command line option '-qversion'
gcc: fatal error: no input files
compilation terminated.
configure:3137: $? = 1
configure:3157: checking whether the C compiler works
configure:3179: gcc    conftest.c  >&5
configure:3183: $? = 0
configure:3231: result: yes
configure:3234: checking for C compiler default output file name
configure:3236: result: a.out
configure:3242: checking for suffix of executables
configure:3249: gcc -o conftest    conftest.c  >&5
configure:3253: $? = 0
configure:3275: result: 
configure:3297: checking whether we are cross compiling
configure:3305: gcc -o conftest    conftest.c  >&5
configure:3309: $? = 0
configure:3316: ./conftest
configure:3320: $? = 0
configure:3335: result: no
configure:3340: checking for suffix of object files
configure:3362: gcc -c   conftest.c >&5
configure:3366: $? = 0
configure:3387: result: o
configure:3391: checking whether we are using the GNU C compiler
configure:3410: gcc -c   conftest.c >&5
configure:3410: $? = 0
configure:3419: result: yes
configure:3428: checking whether gcc accepts -g
configure:3448: gcc -c -g  conftest.c >&5
configure:3448: $? = 0
configure:3489: result: yes
configure:3506: checking for gcc option to accept ISO C89
configure:3569: gcc  -c -g -O2  conftest.c >&5
configure:3569: $? = 0
configure:3582: result: none needed
configure:3607: checking whether gcc understands -c and -o together
configure:3629: gcc -c conftest.c -o conftest2.o
configure:3632: $? = 0
configure:3629: gcc -c conftest.c -o conftest2.o
configure:3632: $? = 0
configure:3644: result: yes
configure:3672: checking for style of include used by make
configure:3700: result: GNU
configure:3726: checking dependency style of gcc
configure:3837: result: gcc3
configure:3910: checking for g++
configure:3926: found /usr/bin/g++
configure:3937: result: g++
configure:3964: checking for C++ compiler version
configure:3973: g++ --version >&5
g++ (Ubuntu 5.4.0-6ubuntu1~16.04.4) 5.4.0 20160609
Copyright (C) 2015 Free Software Foundation, Inc.
This is free software; see the source for copying conditions.  There is NO
warranty; not even for MERCHANTABILITY or FITNESS FOR A PARTICULAR PURPOSE.

configure:3984: $? = 0
configure:3973: g++ -v >&5
Using built-in specs.
COLLECT_GCC=g++
COLLECT_LTO_WRAPPER=/usr/lib/gcc/x86_64-linux-gnu/5/lto-wrapper
Target: x86_64-linux-gnu
Configured with: ../src/configure -v --with-pkgversion='Ubuntu 5.4.0-6ubuntu1~16.04.4' --with-bugurl=file:///usr/share/doc/gcc-5/README.Bugs --enable-languages=c,ada,c++,java,go,d,fortran,objc,obj-c++ --prefix=/usr --program-suffix=-5 --enable-shared --enable-linker-build-id --libexecdir=/usr/lib --without-included-gettext --enable-threads=posix --libdir=/usr/lib --enable-nls --with-sysroot=/ --enable-clocale=gnu --enable-libstdcxx-debug --enable-libstdcxx-time=yes --with-default-libstdcxx-abi=new --enable-gnu-unique-object --disable-vtable-verify --enable-libmpx --enable-plugin --with-system-zlib --disable-browser-plugin --enable-java-awt=gtk --enable-gtk-cairo --with-java-home=/usr/lib/jvm/java-1.5.0-gcj-5-amd64/jre --enable-java-home --with-jvm-root-dir=/usr/lib/jvm/java-1.5.0-gcj-5-amd64 --with-jvm-jar-dir=/usr/lib/jvm-exports/java-1.5.0-gcj-5-amd64 --with-arch-directory=amd64 --with-ecj-jar=/usr/share/java/eclipse-ecj.jar --enable-objc-gc --enable-multiarch --disable-werror --with-arch-32=i686 --with-abi=m64 --with-multilib-list=m32,m64,mx32 --enable-multilib --with-tune=generic --enable-checking=release --build=x86_64-linux-gnu --host=x86_64-linux-gnu --target=x86_64-linux-gnu
Thread model: posix
gcc version 5.4.0 20160609 (Ubuntu 5.4.0-6ubuntu1~16.04.4) 
configure:3984: $? = 0
configure:3973: g++ -V >&5
g++: error: unrecognized command line option '-V'
g++: fatal error: no input files
compilation terminated.
configure:3984: $? = 1
configure:3973: g++ -qversion >&5
g++: error: unrecognized command line option '-qversion'
g++: fatal error: no input files
compilation terminated.
configure:3984: $? = 1
configure:3988: checking whether we are using the GNU C++ compiler
configure:4007: g++ -c   conftest.cpp >&5
configure:4007: $? = 0
configure:4016: result: yes
configure:4025: checking whether g++ accepts -g
configure:4045: g++ -c -g  conftest.cpp >&5
configure:4045: $? = 0
configure:4086: result: yes
configure:4111: checking dependency style of g++
configure:4222: result: gcc3
configure:4259: checking whether g++ supports C++11 features by default
configure:4553: g++ -c -g -O2  conftest.cpp >&5
conftest.cpp:22:2: error: #error "This is not a C++11 compiler"
 #error "This is not a C++11 compiler"
  ^
configure:4553: $? = 1
configure: failed program was:
| /* confdefs.h */
| #define PACKAGE_NAME "palindrom"
| #define PACKAGE_TARNAME "palindrom"
| #define PACKAGE_VERSION "0.1.0"
| #define PACKAGE_STRING "palindrom 0.1.0"
| #define PACKAGE_BUGREPORT "kmzhou4@yahoo.com"
| #define PACKAGE_URL ""
| #define PACKAGE "palindrom"
| #define VERSION "0.1.0"
| /* end confdefs.h.  */
| 
| 
| // If the compiler admits that it is not ready for C++11, why torture it?
| // Hopefully, this will speed up the test.
| 
| #ifndef __cplusplus
| 
| #error "This is not a C++ compiler"
| 
| #elif __cplusplus < 201103L
| 
| #error "This is not a C++11 compiler"
| 
| #else
| 
| namespace cxx11
| {
| 
|   namespace test_static_assert
|   {
| 
|     template <typename T>
|     struct check
|     {
|       static_assert(sizeof(int) <= sizeof(T), "not big enough");
|     };
| 
|   }
| 
|   namespace test_final_override
|   {
| 
|     struct Base
|     {
|       virtual void f() {}
|     };
| 
|     struct Derived : public Base
|     {
|       virtual void f() override {}
|     };
| 
|   }
| 
|   namespace test_double_right_angle_brackets
|   {
| 
|     template < typename T >
|     struct check {};
| 
|     typedef check<void> single_type;
|     typedef check<check<void>> double_type;
|     typedef check<check<check<void>>> triple_type;
|     typedef check<check<check<check<void>>>> quadruple_type;
| 
|   }
| 
|   namespace test_decltype
|   {
| 
|     int
|     f()
|     {
|       int a = 1;
|       decltype(a) b = 2;
|       return a + b;
|     }
| 
|   }
| 
|   namespace test_type_deduction
|   {
| 
|     template < typename T1, typename T2 >
|     struct is_same
|     {
|       static const bool value = false;
|     };
| 
|     template < typename T >
|     struct is_same<T, T>
|     {
|       static const bool value = true;
|     };
| 
|     template < typename T1, typename T2 >
|     auto
|     add(T1 a1, T2 a2) -> decltype(a1 + a2)
|     {
|       return a1 + a2;
|     }
| 
|     int
|     test(const int c, volatile int v)
|     {
|       static_assert(is_same<int, decltype(0)>::value == true, "");
|       static_assert(is_same<int, decltype(c)>::value == false, "");
|       static_assert(is_same<int, decltype(v)>::value == false, "");
|       auto ac = c;
|       auto av = v;
|       auto sumi = ac + av + 'x';
|       auto sumf = ac + av + 1.0;
|       static_assert(is_same<int, decltype(ac)>::value == true, "");
|       static_assert(is_same<int, decltype(av)>::value == true, "");
|       static_assert(is_same<int, decltype(sumi)>::value == true, "");
|       static_assert(is_same<int, decltype(sumf)>::value == false, "");
|       static_assert(is_same<int, decltype(add(c, v))>::value == true, "");
|       return (sumf > 0.0) ? sumi : add(c, v);
|     }
| 
|   }
| 
|   namespace test_noexcept
|   {
| 
|     int f() { return 0; }
|     int g() noexcept { return 0; }
| 
|     static_assert(noexcept(f()) == false, "");
|     static_assert(noexcept(g()) == true, "");
| 
|   }
| 
|   namespace test_constexpr
|   {
| 
|     template < typename CharT >
|     unsigned long constexpr
|     strlen_c_r(const CharT *const s, const unsigned long acc) noexcept
|     {
|       return *s ? strlen_c_r(s + 1, acc + 1) : acc;
|     }
| 
|     template < typename CharT >
|     unsigned long constexpr
|     strlen_c(const CharT *const s) noexcept
|     {
|       return strlen_c_r(s, 0UL);
|     }
| 
|     static_assert(strlen_c("") == 0UL, "");
|     static_assert(strlen_c("1") == 1UL, "");
|     static_assert(strlen_c("example") == 7UL, "");
|     static_assert(strlen_c("another\0example") == 7UL, "");
| 
|   }
| 
|   namespace test_rvalue_references
|   {
| 
|     template < int N >
|     struct answer
|     {
|       static constexpr int value = N;
|     };
| 
|     answer<1> f(int&)       { return answer<1>(); }
|     answer<2> f(const int&) { return answer<2>(); }
|     answer<3> f(int&&)      { return answer<3>(); }
| 
|     void
|     test()
|     {
|       int i = 0;
|       const int c = 0;
|       static_assert(decltype(f(i))::value == 1, "");
|       static_assert(decltype(f(c))::value == 2, "");
|       static_assert(decltype(f(0))::value == 3, "");
|     }
| 
|   }
| 
|   namespace test_uniform_initialization
|   {
| 
|     struct test
|     {
|       static const int zero {};
|       static const int one {1};
|     };
| 
|     static_assert(test::zero == 0, "");
|     static_assert(test::one == 1, "");
| 
|   }
| 
|   namespace test_lambdas
|   {
| 
|     void
|     test1()
|     {
|       auto lambda1 = [](){};
|       auto lambda2 = lambda1;
|       lambda1();
|       lambda2();
|     }
| 
|     int
|     test2()
|     {
|       auto a = [](int i, int j){ return i + j; }(1, 2);
|       auto b = []() -> int { return '0'; }();
|       auto c = [=](){ return a + b; }();
|       auto d = [&](){ return c; }();
|       auto e = [a, &b](int x) mutable {
|         const auto identity = [](int y){ return y; };
|         for (auto i = 0; i < a; ++i)
|           a += b--;
|         return x + identity(a + b);
|       }(0);
|       return a + b + c + d + e;
|     }
| 
|     int
|     test3()
|     {
|       const auto nullary = [](){ return 0; };
|       const auto unary = [](int x){ return x; };
|       using nullary_t = decltype(nullary);
|       using unary_t = decltype(unary);
|       const auto higher1st = [](nullary_t f){ return f(); };
|       const auto higher2nd = [unary](nullary_t f1){
|         return [unary, f1](unary_t f2){ return f2(unary(f1())); };
|       };
|       return higher1st(nullary) + higher2nd(nullary)(unary);
|     }
| 
|   }
| 
|   namespace test_variadic_templates
|   {
| 
|     template <int...>
|     struct sum;
| 
|     template <int N0, int... N1toN>
|     struct sum<N0, N1toN...>
|     {
|       static constexpr auto value = N0 + sum<N1toN...>::value;
|     };
| 
|     template <>
|     struct sum<>
|     {
|       static constexpr auto value = 0;
|     };
| 
|     static_assert(sum<>::value == 0, "");
|     static_assert(sum<1>::value == 1, "");
|     static_assert(sum<23>::value == 23, "");
|     static_assert(sum<1, 2>::value == 3, "");
|     static_assert(sum<5, 5, 11>::value == 21, "");
|     static_assert(sum<2, 3, 5, 7, 11, 13>::value == 41, "");
| 
|   }
| 
|   // http://stackoverflow.com/questions/13728184/template-aliases-and-sfinae
|   // Clang 3.1 fails with headers of libstd++ 4.8.3 when using std::function
|   // because of this.
|   namespace test_template_alias_sfinae
|   {
| 
|     struct foo {};
| 
|     template<typename T>
|     using member = typename T::member_type;
| 
|     template<typename T>
|     void func(...) {}
| 
|     template<typename T>
|     void func(member<T>*) {}
| 
|     void test();
| 
|     void test() { func<foo>(0); }
| 
|   }
| 
| }  // namespace cxx11
| 
| #endif  // __cplusplus >= 201103L
| 
| 
| 
configure:4560: result: no
configure:4572: checking whether g++ supports C++11 features with -std=c++11
configure:4868: g++ -std=c++11 -c -g -O2  conftest.cpp >&5
configure:4868: $? = 0
configure:4877: result: yes
configure:4941: checking how to run the C++ preprocessor
configure:4968: g++ -std=c++11 -E  conftest.cpp
configure:4968: $? = 0
configure:4982: g++ -std=c++11 -E  conftest.cpp
conftest.cpp:12:28: fatal error: ac_nonexistent.h: No such file or directory
compilation terminated.
configure:4982: $? = 1
configure: failed program was:
| /* confdefs.h */
| #define PACKAGE_NAME "palindrom"
| #define PACKAGE_TARNAME "palindrom"
| #define PACKAGE_VERSION "0.1.0"
| #define PACKAGE_STRING "palindrom 0.1.0"
| #define PACKAGE_BUGREPORT "kmzhou4@yahoo.com"
| #define PACKAGE_URL ""
| #define PACKAGE "palindrom"
| #define VERSION "0.1.0"
| #define HAVE_CXX11 1
| /* end confdefs.h.  */
| #include <ac_nonexistent.h>
configure:5007: result: g++ -std=c++11 -E
configure:5027: g++ -std=c++11 -E  conftest.cpp
configure:5027: $? = 0
configure:5041: g++ -std=c++11 -E  conftest.cpp
conftest.cpp:12:28: fatal error: ac_nonexistent.h: No such file or directory
compilation terminated.
configure:5041: $? = 1
configure: failed program was:
| /* confdefs.h */
| #define PACKAGE_NAME "palindrom"
| #define PACKAGE_TARNAME "palindrom"
| #define PACKAGE_VERSION "0.1.0"
| #define PACKAGE_STRING "palindrom 0.1.0"
| #define PACKAGE_BUGREPORT "kmzhou4@yahoo.com"
| #define PACKAGE_URL ""
| #define PACKAGE "palindrom"
| #define VERSION "0.1.0"
| #define HAVE_CXX11 1
| /* end confdefs.h.  */
| #include <ac_nonexistent.h>
configure:5070: checking for grep that handles long lines and -e
configure:5128: result: /bin/grep
configure:5133: checking for egrep
configure:5195: result: /bin/grep -E
configure:5200: checking for ANSI C header files
configure:5220: g++ -std=c++11 -c -I/usr/local/include/orpara -g -O2  conftest.cpp >&5
configure:5220: $? = 0
configure:5293: g++ -std=c++11 -o conftest -I/usr/local/include/orpara -g -O2  -L/usr/local/lib  conftest.cpp  -lkemin >&5
configure:5293: $? = 0
configure:5293: ./conftest
configure:5293: $? = 0
configure:5304: result: yes
configure:5317: checking for sys/types.h
configure:5317: g++ -std=c++11 -c -I/usr/local/include/orpara -g -O2  conftest.cpp >&5
configure:5317: $? = 0
configure:5317: result: yes
configure:5317: checking for sys/stat.h
configure:5317: g++ -std=c++11 -c -I/usr/local/include/orpara -g -O2  conftest.cpp >&5
configure:5317: $? = 0
configure:5317: result: yes
configure:5317: checking for stdlib.h
configure:5317: g++ -std=c++11 -c -I/usr/local/include/orpara -g -O2  conftest.cpp >&5
configure:5317: $? = 0
configure:5317: result: yes
configure:5317: checking for string.h
configure:5317: g++ -std=c++11 -c -I/usr/local/include/orpara -g -O2  conftest.cpp >&5
configure:5317: $? = 0
configure:5317: result: yes
configure:5317: checking for memory.h
configure:5317: g++ -std=c++11 -c -I/usr/local/include/orpara -g -O2  conftest.cpp >&5
configure:5317: $? = 0
configure:5317: result: yes
configure:5317: checking for strings.h
configure:5317: g++ -std=c++11 -c -I/usr/local/include/orpara -g -O2  conftest.cpp >&5
configure:5317: $? = 0
configure:5317: result: yes
configure:5317: checking for inttypes.h
configure:5317: g++ -std=c++11 -c -I/usr/local/include/orpara -g -O2  conftest.cpp >&5
configure:5317: $? = 0
configure:5317: result: yes
configure:5317: checking for stdint.h
configure:5317: g++ -std=c++11 -c -I/usr/local/include/orpara -g -O2  conftest.cpp >&5
configure:5317: $? = 0
configure:5317: result: yes
configure:5317: checking for unistd.h
configure:5317: g++ -std=c++11 -c -I/usr/local/include/orpara -g -O2  conftest.cpp >&5
configure:5317: $? = 0
configure:5317: result: yes
configure:5331: checking bioseq.h usability
configure:5331: g++ -std=c++11 -c -I/usr/local/include/orpara -g -O2  conftest.cpp >&5
configure:5331: $? = 0
configure:5331: result: yes
configure:5331: checking bioseq.h presence
configure:5331: g++ -std=c++11 -E  conftest.cpp
conftest.cpp:22:20: fatal error: bioseq.h: No such file or directory
compilation terminated.
configure:5331: $? = 1
configure: failed program was:
| /* confdefs.h */
| #define PACKAGE_NAME "palindrom"
| #define PACKAGE_TARNAME "palindrom"
| #define PACKAGE_VERSION "0.1.0"
| #define PACKAGE_STRING "palindrom 0.1.0"
| #define PACKAGE_BUGREPORT "kmzhou4@yahoo.com"
| #define PACKAGE_URL ""
| #define PACKAGE "palindrom"
| #define VERSION "0.1.0"
| #define HAVE_CXX11 1
| #define STDC_HEADERS 1
| #define HAVE_SYS_TYPES_H 1
| #define HAVE_SYS_STAT_H 1
| #define HAVE_STDLIB_H 1
| #define HAVE_STRING_H 1
| #define HAVE_MEMORY_H 1
| #define HAVE_STRINGS_H 1
| #define HAVE_INTTYPES_H 1
| #define HAVE_STDINT_H 1
| #define HAVE_UNISTD_H 1
| /* end confdefs.h.  */
| #include <bioseq.h>
configure:5331: result: no
configure:5331: WARNING: bioseq.h: accepted by the compiler, rejected by the preprocessor!
configure:5331: WARNING: bioseq.h: proceeding with the compiler's result
configure:5331: checking for bioseq.h
configure:5331: result: yes
configure:5354: g++ -std=c++11 -o conftest -I/usr/local/include/orpara -g -O2  -L/usr/local/lib  conftest.cpp  -lkemin >&5
configure:5354: $? = 0
configure:5355: orpara is installed
configure:5373: checking for stdbool.h that conforms to C99
configure:5440: gcc -c -g -O2  conftest.c >&5
configure:5440: $? = 0
configure:5447: result: yes
configure:5449: checking for _Bool
configure:5449: gcc -c -g -O2  conftest.c >&5
configure:5449: $? = 0
configure:5449: gcc -c -g -O2  conftest.c >&5
conftest.c: In function 'main':
conftest.c:59:20: error: expected expression before ')' token
 if (sizeof ((_Bool)))
                    ^
configure:5449: $? = 1
configure: failed program was:
| /* confdefs.h */
| #define PACKAGE_NAME "palindrom"
| #define PACKAGE_TARNAME "palindrom"
| #define PACKAGE_VERSION "0.1.0"
| #define PACKAGE_STRING "palindrom 0.1.0"
| #define PACKAGE_BUGREPORT "kmzhou4@yahoo.com"
| #define PACKAGE_URL ""
| #define PACKAGE "palindrom"
| #define VERSION "0.1.0"
| #define HAVE_CXX11 1
| #define STDC_HEADERS 1
| #define HAVE_SYS_TYPES_H 1
| #define HAVE_SYS_STAT_H 1
| #define HAVE_STDLIB_H 1
| #define HAVE_STRING_H 1
| #define HAVE_MEMORY_H 1
| #define HAVE_STRINGS_H 1
| #define HAVE_INTTYPES_H 1
| #define HAVE_STDINT_H 1
| #define HAVE_UNISTD_H 1
| #define HAVE_BIOSEQ_H 1
| /* end confdefs.h.  */
| #include <stdio.h>
| #ifdef HAVE_SYS_TYPES_H
| # include <sys/types.h>
| #endif
| #ifdef HAVE_SYS_STAT_H
| # include <sys/stat.h>
| #endif
| #ifdef STDC_HEADERS
| # include <stdlib.h>
| # include <stddef.h>
| #else
| # ifdef HAVE_STDLIB_H
| #  include <stdlib.h>
| # endif
| #endif
| #ifdef HAVE_STRING_H
| # if !defined STDC_HEADERS && defined HAVE_MEMORY_H
| #  include <memory.h>
| # endif
| # include <string.h>
| #endif
| #ifdef HAVE_STRINGS_H
| # include <strings.h>
| #endif
| #ifdef HAVE_INTTYPES_H
| # include <inttypes.h>
| #endif
| #ifdef HAVE_STDINT_H
| # include <stdint.h>
| #endif
| #ifdef HAVE_UNISTD_H
| # include <unistd.h>
| #endif
| int
| main ()
| {
| if (sizeof ((_Bool)))
| 	    return 0;
|   ;
|   return 0;
| }
configure:5449: result: yes
configure:5574: checking that generated files are newer than configure
configure:5580: result: done
configure:5607: creating ./config.status

## ---------------------- ##
## Running config.status. ##
## ---------------------- ##

This file was extended by palindrom config.status 0.1.0, which was
generated by GNU Autoconf 2.69.  Invocation command line was

  CONFIG_FILES    = 
  CONFIG_HEADERS  = 
  CONFIG_LINKS    = 
  CONFIG_COMMANDS = 
  $ ./config.status 

on jinshou

config.status:866: creating Makefile
config.status:866: creating src/Makefile
config.status:866: creating config.h
config.status:1095: executing depfiles commands

## ---------------- ##
## Cache variables. ##
## ---------------- ##

ac_cv_c_compiler_gnu=yes
ac_cv_cxx_compiler_gnu=yes
ac_cv_env_CCC_set=
ac_cv_env_CCC_value=
ac_cv_env_CC_set=
ac_cv_env_CC_value=
ac_cv_env_CFLAGS_set=
ac_cv_env_CFLAGS_value=
ac_cv_env_CPPFLAGS_set=
ac_cv_env_CPPFLAGS_value=
ac_cv_env_CXXCPP_set=
ac_cv_env_CXXCPP_value=
ac_cv_env_CXXFLAGS_set=
ac_cv_env_CXXFLAGS_value=
ac_cv_env_CXX_set=
ac_cv_env_CXX_value=
ac_cv_env_LDFLAGS_set=
ac_cv_env_LDFLAGS_value=
ac_cv_env_LIBS_set=
ac_cv_env_LIBS_value=
ac_cv_env_ORPARAINC_set=
ac_cv_env_ORPARAINC_value=
ac_cv_env_ORPARALIB_set=
ac_cv_env_ORPARALIB_value=
ac_cv_env_build_alias_set=
ac_cv_env_build_alias_value=
ac_cv_env_host_alias_set=
ac_cv_env_host_alias_value=
ac_cv_env_target_alias_set=
ac_cv_env_target_alias_value=
ac_cv_header_bioseq_h=yes
ac_cv_header_inttypes_h=yes
ac_cv_header_memory_h=yes
ac_cv_header_stdbool_h=yes
ac_cv_header_stdc=yes
ac_cv_header_stdint_h=yes
ac_cv_header_stdlib_h=yes
ac_cv_header_string_h=yes
ac_cv_header_strings_h=yes
ac_cv_header_sys_stat_h=yes
ac_cv_header_sys_types_h=yes
ac_cv_header_unistd_h=yes
ac_cv_objext=o
ac_cv_path_EGREP='/bin/grep -E'
ac_cv_path_GREP=/bin/grep
ac_cv_path_install='/usr/bin/install -c'
ac_cv_path_mkdir=/bin/mkdir
ac_cv_prog_AWK=mawk
ac_cv_prog_CXXCPP='g++ -std=c++11 -E'
ac_cv_prog_ac_ct_CC=gcc
ac_cv_prog_ac_ct_CXX=g++
ac_cv_prog_cc_c89=
ac_cv_prog_cc_g=yes
ac_cv_prog_cxx_g=yes
ac_cv_prog_make_make_set=yes
ac_cv_type__Bool=yes
am_cv_CC_dependencies_compiler_type=gcc3
am_cv_CXX_dependencies_compiler_type=gcc3
am_cv_make_support_nested_variables=yes
am_cv_prog_cc_c_o=yes
ax_cv_cxx_compile_cxx11=no
ax_cv_cxx_compile_cxx11__std_cpp11=yes

## ----------------- ##
## Output variables. ##
## ----------------- ##

ACLOCAL='${SHELL} /home/kzhou/coding/palindrom/missing aclocal-1.15'
AMDEPBACKSLASH='\'
AMDEP_FALSE='#'
AMDEP_TRUE=''
AMTAR='$${TAR-tar}'
AM_BACKSLASH='\'
AM_DEFAULT_V='$(AM_DEFAULT_VERBOSITY)'
AM_DEFAULT_VERBOSITY='1'
AM_V='$(V)'
AUTOCONF='${SHELL} /home/kzhou/coding/palindrom/missing autoconf'
AUTOHEADER='${SHELL} /home/kzhou/coding/palindrom/missing autoheader'
AUTOMAKE='${SHELL} /home/kzhou/coding/palindrom/missing automake-1.15'
AWK='mawk'
CC='gcc'
CCDEPMODE='depmode=gcc3'
CFLAGS='-g -O2'
CPPFLAGS=''
CXX='g++ -std=c++11'
CXXCPP='g++ -std=c++11 -E'
CXXDEPMODE='depmode=gcc3'
CXXFLAGS='-I/usr/local/include/orpara -g -O2'
CYGPATH_W='echo'
DEFS='-DHAVE_CONFIG_H'
DEPDIR='.deps'
ECHO_C=''
ECHO_N='-n'
ECHO_T=''
EGREP='/bin/grep -E'
EXEEXT=''
GREP='/bin/grep'
HAVE_CXX11='1'
INSTALL_DATA='${INSTALL} -m 644'
INSTALL_PROGRAM='${INSTALL}'
INSTALL_SCRIPT='${INSTALL}'
INSTALL_STRIP_PROGRAM='$(install_sh) -c -s'
LDFLAGS='-L/usr/local/lib '
LIBOBJS=''
LIBS=' -lkemin'
LTLIBOBJS=''
MAKEINFO='${SHELL} /home/kzhou/coding/palindrom/missing makeinfo'
MKDIR_P='/bin/mkdir -p'
OBJEXT='o'
ORPARAINC=''
ORPARALIB=''
PACKAGE='palindrom'
PACKAGE_BUGREPORT='kmzhou4@yahoo.com'
PACKAGE_NAME='palindrom'
PACKAGE_STRING='palindrom 0.1.0'
PACKAGE_TARNAME='palindrom'
PACKAGE_URL=''
PACKAGE_VERSION='0.1.0'
PATH_SEPARATOR=':'
SET_MAKE=''
SHELL='/bin/bash'
STRIP=''
VERSION='0.1.0'
ac_ct_CC='gcc'
ac_ct_CXX='g++'
am__EXEEXT_FALSE=''
am__EXEEXT_TRUE='#'
am__fastdepCC_FALSE='#'
am__fastdepCC_TRUE=''
am__fastdepCXX_FALSE='#'
am__fastdepCXX_TRUE=''
am__include='include'
am__isrc=''
am__leading_dot='.'
am__nodep='_no'
am__quote=''
am__tar='$${TAR-tar} chof - "$$tardir"'
am__untar='$${TAR-tar} xf -'
bindir='${exec_prefix}/bin'
build_alias=''
datadir='${datarootdir}'
datarootdir='${prefix}/share'
docdir='${datarootdir}/doc/${PACKAGE_TARNAME}'
dvidir='${docdir}'
exec_prefix='${prefix}'
host_alias=''
htmldir='${docdir}'
includedir='${prefix}/include'
infodir='${datarootdir}/info'
install_sh='${SHELL} /home/kzhou/coding/palindrom/install-sh'
libdir='${exec_prefix}/lib'
libexecdir='${exec_prefix}/libexec'
localedir='${datarootdir}/locale'
localstatedir='${prefix}/var'
mandir='${datarootdir}/man'
mkdir_p='$(MKDIR_P)'
oldincludedir='/usr/include'
pdfdir='${docdir}'
prefix='/usr/local'
program_transform_name='s,x,x,'
psdir='${docdir}'
runstatedir='${localstatedir}/run'
sbindir='${exec_prefix}/sbin'
sharedstatedir='${prefix}/com'
sysconfdir='${prefix}/etc'
target_alias=''

## ----------- ##
## confdefs.h. ##
## ----------- ##

/* confdefs.h */
#define PACKAGE_NAME "palindrom"
#define PACKAGE_TARNAME "palindrom"
#define PACKAGE_VERSION "0.1.0"
#define PACKAGE_STRING "palindrom 0.1.0"
#define PACKAGE_BUGREPORT "kmzhou4@yahoo.com"
#define PACKAGE_URL ""
#define PACKAGE "palindrom"
#define VERSION "0.1.0"
#define HAVE_CXX11 1
#define STDC_HEADERS 1
#define HAVE_SYS_TYPES_H 1
#define HAVE_SYS_STAT_H 1
#define HAVE_STDLIB_H 1
#define HAVE_STRING_H 1
#define HAVE_MEMORY_H 1
#define HAVE_STRINGS_H 1
#define HAVE_INTTYPES_H 1
#define HAVE_STDINT_H 1
#define HAVE_UNISTD_H 1
#define HAVE_BIOSEQ_H 1
#define HAVE__BOOL 1

configure: exit 0
